0 info it worked if it ends with ok
1 verbose cli [ 'C:\\Program Files\\nodejs\\node.exe',
1 verbose cli   'C:\\Users\\Arkadiy\\AppData\\Roaming\\npm\\node_modules\\npm\\bin\\npm-cli.js',
1 verbose cli   'run',
1 verbose cli   'build' ]
2 info using npm@4.0.5
3 info using node@v8.9.4
4 verbose run-script [ 'prebuild', 'build', 'postbuild' ]
5 info lifecycle gendiff-hexlet@0.0.2~prebuild: gendiff-hexlet@0.0.2
6 silly lifecycle gendiff-hexlet@0.0.2~prebuild: no script for prebuild, continuing
7 info lifecycle gendiff-hexlet@0.0.2~build: gendiff-hexlet@0.0.2
8 verbose lifecycle gendiff-hexlet@0.0.2~build: unsafe-perm in lifecycle true
9 verbose lifecycle gendiff-hexlet@0.0.2~build: PATH: C:\Users\Arkadiy\AppData\Roaming\npm\node_modules\npm\bin\node-gyp-bin;C:\Users\Arkadiy\Desktop\gendiff\node_modules\.bin;C:\ProgramData\Oracle\Java\javapath;C:\Windows\system32;C:\Windows;C:\Windows\System32\Wbem;C:\Windows\System32\WindowsPowerShell\v1.0\;C:\Program Files (x86)\NVIDIA Corporation\PhysX\Common;C:\WINDOWS\system32;C:\WINDOWS;C:\WINDOWS\System32\Wbem;C:\WINDOWS\System32\WindowsPowerShell\v1.0\;C:\Program Files (x86)\Skype\Phone\;C:\ProgramData\chocolatey\bin;D:\Git\cmd;C:\Program Files\nodejs\;C:\Ruby23\bin;C:\Users\Arkadiy\AppData\Local\Microsoft\WindowsApps;C:\Users\Arkadiy\AppData\Roaming\npm;C:\Users\Arkadiy\AppData\Local\Microsoft\WindowsApps;C:\Program Files\Oracle\VirtualBox;C:\Users\Arkadiy\AppData\Local\atom\bin
10 verbose lifecycle gendiff-hexlet@0.0.2~build: CWD: C:\Users\Arkadiy\Desktop\gendiff
11 silly lifecycle gendiff-hexlet@0.0.2~build: Args: [ '/d /s /c',
11 silly lifecycle   'NODE_ENV=production babel src --out-dir dist --source-maps inline' ]
12 silly lifecycle gendiff-hexlet@0.0.2~build: Returned: code: 1  signal: null
13 info lifecycle gendiff-hexlet@0.0.2~build: Failed to exec build script
14 verbose stack Error: gendiff-hexlet@0.0.2 build: `NODE_ENV=production babel src --out-dir dist --source-maps inline`
14 verbose stack Exit status 1
14 verbose stack     at EventEmitter.<anonymous> (C:\Users\Arkadiy\AppData\Roaming\npm\node_modules\npm\lib\utils\lifecycle.js:279:16)
14 verbose stack     at emitTwo (events.js:126:13)
14 verbose stack     at EventEmitter.emit (events.js:214:7)
14 verbose stack     at ChildProcess.<anonymous> (C:\Users\Arkadiy\AppData\Roaming\npm\node_modules\npm\lib\utils\spawn.js:40:14)
14 verbose stack     at emitTwo (events.js:126:13)
14 verbose stack     at ChildProcess.emit (events.js:214:7)
14 verbose stack     at maybeClose (internal/child_process.js:925:16)
14 verbose stack     at Process.ChildProcess._handle.onexit (internal/child_process.js:209:5)
15 verbose pkgid gendiff-hexlet@0.0.2
16 verbose cwd C:\Users\Arkadiy\Desktop\gendiff
17 error Windows_NT 10.0.16299
18 error argv "C:\\Program Files\\nodejs\\node.exe" "C:\\Users\\Arkadiy\\AppData\\Roaming\\npm\\node_modules\\npm\\bin\\npm-cli.js" "run" "build"
19 error node v8.9.4
20 error npm  v4.0.5
21 error code ELIFECYCLE
22 error gendiff-hexlet@0.0.2 build: `NODE_ENV=production babel src --out-dir dist --source-maps inline`
22 error Exit status 1
23 error Failed at the gendiff-hexlet@0.0.2 build script 'NODE_ENV=production babel src --out-dir dist --source-maps inline'.
23 error Make sure you have the latest version of node.js and npm installed.
23 error If you do, this is most likely a problem with the gendiff-hexlet package,
23 error not with npm itself.
23 error Tell the author that this fails on your system:
23 error     NODE_ENV=production babel src --out-dir dist --source-maps inline
23 error You can get information on how to open an issue for this project with:
23 error     npm bugs gendiff-hexlet
23 error Or if that isn't available, you can get their info via:
23 error     npm owner ls gendiff-hexlet
23 error There is likely additional logging output above.
24 verbose exit [ 1, true ]
